{"B:\\Stagi_application\\backend_app_Stagi\\constants.js": {"path":"B:\\Stagi_application\\backend_app_Stagi\\constants.js","statementMap":{"0":{"start":{"line":1,"column":0},"end":{"line":7,"column":4}}},"fnMap":{},"branchMap":{},"s":{"0":5},"f":{},"b":{},"_coverageSchema":"1a1c01bbd47fc00a2c39e90264f33305004495a9","hash":"bc766c681669da620431e280433ea12b42cc16a4"}
,"B:\\Stagi_application\\backend_app_Stagi\\server.js": {"path":"B:\\Stagi_application\\backend_app_Stagi\\server.js","statementMap":{"0":{"start":{"line":1,"column":0},"end":{"line":1,"column":27}},"1":{"start":{"line":2,"column":16},"end":{"line":2,"column":34}},"2":{"start":{"line":3,"column":13},"end":{"line":3,"column":28}},"3":{"start":{"line":4,"column":19},"end":{"line":4,"column":41}},"4":{"start":{"line":5,"column":18},"end":{"line":5,"column":50}},"5":{"start":{"line":6,"column":21},"end":{"line":6,"column":57}},"6":{"start":{"line":7,"column":13},"end":{"line":7,"column":28}},"7":{"start":{"line":9,"column":0},"end":{"line":9,"column":12}},"8":{"start":{"line":10,"column":12},"end":{"line":10,"column":21}},"9":{"start":{"line":11,"column":13},"end":{"line":11,"column":37}},"10":{"start":{"line":13,"column":0},"end":{"line":13,"column":16}},"11":{"start":{"line":14,"column":0},"end":{"line":14,"column":24}},"12":{"start":{"line":15,"column":0},"end":{"line":15,"column":51}},"13":{"start":{"line":17,"column":0},"end":{"line":17,"column":69}},"14":{"start":{"line":18,"column":0},"end":{"line":18,"column":89}},"15":{"start":{"line":20,"column":0},"end":{"line":20,"column":69}},"16":{"start":{"line":21,"column":0},"end":{"line":21,"column":56}},"17":{"start":{"line":22,"column":0},"end":{"line":22,"column":67}},"18":{"start":{"line":23,"column":0},"end":{"line":23,"column":70}},"19":{"start":{"line":24,"column":0},"end":{"line":24,"column":63}},"20":{"start":{"line":25,"column":0},"end":{"line":25,"column":66}},"21":{"start":{"line":26,"column":0},"end":{"line":26,"column":77}},"22":{"start":{"line":27,"column":0},"end":{"line":27,"column":22}},"23":{"start":{"line":31,"column":0},"end":{"line":33,"column":1}},"24":{"start":{"line":32,"column":2},"end":{"line":32,"column":72}},"25":{"start":{"line":32,"column":25},"end":{"line":32,"column":70}},"26":{"start":{"line":35,"column":0},"end":{"line":35,"column":21}}},"fnMap":{"0":{"name":"(anonymous_0)","decl":{"start":{"line":32,"column":19},"end":{"line":32,"column":20}},"loc":{"start":{"line":32,"column":25},"end":{"line":32,"column":70}},"line":32}},"branchMap":{"0":{"loc":{"start":{"line":11,"column":13},"end":{"line":11,"column":37}},"type":"binary-expr","locations":[{"start":{"line":11,"column":13},"end":{"line":11,"column":29}},{"start":{"line":11,"column":33},"end":{"line":11,"column":37}}],"line":11},"1":{"loc":{"start":{"line":31,"column":0},"end":{"line":33,"column":1}},"type":"if","locations":[{"start":{"line":31,"column":0},"end":{"line":33,"column":1}},{"start":{},"end":{}}],"line":31}},"s":{"0":5,"1":5,"2":5,"3":5,"4":5,"5":5,"6":5,"7":5,"8":5,"9":5,"10":5,"11":5,"12":5,"13":5,"14":5,"15":5,"16":5,"17":5,"18":5,"19":5,"20":5,"21":5,"22":5,"23":5,"24":0,"25":0,"26":5},"f":{"0":0},"b":{"0":[5,0],"1":[0,5]},"_coverageSchema":"1a1c01bbd47fc00a2c39e90264f33305004495a9","hash":"78eb878f1a35fbfffb463905c897614b7887951b"}
,"B:\\Stagi_application\\backend_app_Stagi\\Config\\DbConnection.js": {"path":"B:\\Stagi_application\\backend_app_Stagi\\Config\\DbConnection.js","statementMap":{"0":{"start":{"line":1,"column":17},"end":{"line":1,"column":36}},"1":{"start":{"line":3,"column":18},"end":{"line":15,"column":1}},"2":{"start":{"line":4,"column":2},"end":{"line":14,"column":3}},"3":{"start":{"line":5,"column":20},"end":{"line":5,"column":73}},"4":{"start":{"line":6,"column":4},"end":{"line":10,"column":6}},"5":{"start":{"line":12,"column":4},"end":{"line":12,"column":68}},"6":{"start":{"line":13,"column":4},"end":{"line":13,"column":20}},"7":{"start":{"line":17,"column":0},"end":{"line":17,"column":27}}},"fnMap":{"0":{"name":"(anonymous_0)","decl":{"start":{"line":3,"column":18},"end":{"line":3,"column":19}},"loc":{"start":{"line":3,"column":30},"end":{"line":15,"column":1}},"line":3}},"branchMap":{},"s":{"0":5,"1":5,"2":5,"3":5,"4":5,"5":0,"6":0,"7":5},"f":{"0":5},"b":{},"_coverageSchema":"1a1c01bbd47fc00a2c39e90264f33305004495a9","hash":"aa3296a24beecbc450ab37f0bc88b3ec52746f3a"}
,"B:\\Stagi_application\\backend_app_Stagi\\Controllers\\InstitutionControllers.js": {"path":"B:\\Stagi_application\\backend_app_Stagi\\Controllers\\InstitutionControllers.js","statementMap":{"0":{"start":{"line":2,"column":20},"end":{"line":2,"column":52}},"1":{"start":{"line":4,"column":32},"end":{"line":16,"column":1}},"2":{"start":{"line":5,"column":2},"end":{"line":15,"column":3}},"3":{"start":{"line":6,"column":24},"end":{"line":6,"column":44}},"4":{"start":{"line":8,"column":25},"end":{"line":10,"column":16}},"5":{"start":{"line":12,"column":4},"end":{"line":12,"column":27}},"6":{"start":{"line":14,"column":4},"end":{"line":14,"column":68}},"7":{"start":{"line":19,"column":23},"end":{"line":35,"column":1}},"8":{"start":{"line":20,"column":2},"end":{"line":34,"column":3}},"9":{"start":{"line":21,"column":21},"end":{"line":21,"column":29}},"10":{"start":{"line":23,"column":4},"end":{"line":25,"column":5}},"11":{"start":{"line":24,"column":6},"end":{"line":24,"column":77}},"12":{"start":{"line":27,"column":27},"end":{"line":27,"column":52}},"13":{"start":{"line":29,"column":4},"end":{"line":29,"column":32}},"14":{"start":{"line":31,"column":4},"end":{"line":31,"column":41}},"15":{"start":{"line":33,"column":4},"end":{"line":33,"column":65}},"16":{"start":{"line":37,"column":0},"end":{"line":37,"column":61}}},"fnMap":{"0":{"name":"(anonymous_0)","decl":{"start":{"line":4,"column":32},"end":{"line":4,"column":33}},"loc":{"start":{"line":4,"column":52},"end":{"line":16,"column":1}},"line":4},"1":{"name":"(anonymous_1)","decl":{"start":{"line":19,"column":23},"end":{"line":19,"column":24}},"loc":{"start":{"line":19,"column":43},"end":{"line":35,"column":1}},"line":19}},"branchMap":{"0":{"loc":{"start":{"line":6,"column":24},"end":{"line":6,"column":44}},"type":"binary-expr","locations":[{"start":{"line":6,"column":24},"end":{"line":6,"column":38}},{"start":{"line":6,"column":42},"end":{"line":6,"column":44}}],"line":6},"1":{"loc":{"start":{"line":23,"column":4},"end":{"line":25,"column":5}},"type":"if","locations":[{"start":{"line":23,"column":4},"end":{"line":25,"column":5}},{"start":{},"end":{}}],"line":23}},"s":{"0":5,"1":5,"2":0,"3":0,"4":0,"5":0,"6":0,"7":5,"8":0,"9":0,"10":0,"11":0,"12":0,"13":0,"14":0,"15":0,"16":5},"f":{"0":0,"1":0},"b":{"0":[0,0],"1":[0,0]},"_coverageSchema":"1a1c01bbd47fc00a2c39e90264f33305004495a9","hash":"d28fc04ea7b512b8492c31a5402d05c9702f3b7c"}
,"B:\\Stagi_application\\backend_app_Stagi\\Controllers\\InternshipApplyControllers.js": {"path":"B:\\Stagi_application\\backend_app_Stagi\\Controllers\\InternshipApplyControllers.js","statementMap":{"0":{"start":{"line":1,"column":30},"end":{"line":1,"column":72}},"1":{"start":{"line":2,"column":21},"end":{"line":2,"column":53}},"2":{"start":{"line":4,"column":27},"end":{"line":22,"column":2}},"3":{"start":{"line":5,"column":2},"end":{"line":21,"column":3}},"4":{"start":{"line":6,"column":80},"end":{"line":6,"column":88}},"5":{"start":{"line":7,"column":24},"end":{"line":13,"column":6}},"6":{"start":{"line":16,"column":4},"end":{"line":16,"column":29}},"7":{"start":{"line":18,"column":4},"end":{"line":18,"column":90}},"8":{"start":{"line":20,"column":4},"end":{"line":20,"column":78}},"9":{"start":{"line":25,"column":31},"end":{"line":43,"column":2}},"10":{"start":{"line":26,"column":2},"end":{"line":42,"column":3}},"11":{"start":{"line":27,"column":26},"end":{"line":27,"column":36}},"12":{"start":{"line":29,"column":25},"end":{"line":35,"column":44}},"13":{"start":{"line":37,"column":33},"end":{"line":37,"column":77}},"14":{"start":{"line":37,"column":60},"end":{"line":37,"column":76}},"15":{"start":{"line":39,"column":4},"end":{"line":39,"column":47}},"16":{"start":{"line":41,"column":4},"end":{"line":41,"column":78}},"17":{"start":{"line":45,"column":32},"end":{"line":72,"column":2}},"18":{"start":{"line":46,"column":2},"end":{"line":71,"column":3}},"19":{"start":{"line":47,"column":30},"end":{"line":47,"column":40}},"20":{"start":{"line":48,"column":38},"end":{"line":48,"column":46}},"21":{"start":{"line":50,"column":23},"end":{"line":50,"column":33}},"22":{"start":{"line":51,"column":4},"end":{"line":53,"column":5}},"23":{"start":{"line":52,"column":6},"end":{"line":52,"column":47}},"24":{"start":{"line":55,"column":24},"end":{"line":59,"column":5}},"25":{"start":{"line":61,"column":4},"end":{"line":63,"column":5}},"26":{"start":{"line":62,"column":6},"end":{"line":62,"column":73}},"27":{"start":{"line":65,"column":4},"end":{"line":68,"column":7}},"28":{"start":{"line":70,"column":4},"end":{"line":70,"column":73}},"29":{"start":{"line":75,"column":30},"end":{"line":97,"column":2}},"30":{"start":{"line":76,"column":2},"end":{"line":96,"column":3}},"31":{"start":{"line":77,"column":26},"end":{"line":77,"column":36}},"32":{"start":{"line":79,"column":25},"end":{"line":81,"column":47}},"33":{"start":{"line":83,"column":24},"end":{"line":91,"column":7}},"34":{"start":{"line":83,"column":51},"end":{"line":91,"column":5}},"35":{"start":{"line":93,"column":4},"end":{"line":93,"column":38}},"36":{"start":{"line":95,"column":4},"end":{"line":95,"column":77}},"37":{"start":{"line":100,"column":0},"end":{"line":100,"column":110}}},"fnMap":{"0":{"name":"(anonymous_0)","decl":{"start":{"line":4,"column":40},"end":{"line":4,"column":41}},"loc":{"start":{"line":4,"column":60},"end":{"line":22,"column":1}},"line":4},"1":{"name":"(anonymous_1)","decl":{"start":{"line":25,"column":44},"end":{"line":25,"column":45}},"loc":{"start":{"line":25,"column":64},"end":{"line":43,"column":1}},"line":25},"2":{"name":"(anonymous_2)","decl":{"start":{"line":37,"column":53},"end":{"line":37,"column":54}},"loc":{"start":{"line":37,"column":60},"end":{"line":37,"column":76}},"line":37},"3":{"name":"(anonymous_3)","decl":{"start":{"line":45,"column":45},"end":{"line":45,"column":46}},"loc":{"start":{"line":45,"column":65},"end":{"line":72,"column":1}},"line":45},"4":{"name":"(anonymous_4)","decl":{"start":{"line":75,"column":43},"end":{"line":75,"column":44}},"loc":{"start":{"line":75,"column":63},"end":{"line":97,"column":1}},"line":75},"5":{"name":"(anonymous_5)","decl":{"start":{"line":83,"column":41},"end":{"line":83,"column":42}},"loc":{"start":{"line":83,"column":51},"end":{"line":91,"column":5}},"line":83}},"branchMap":{"0":{"loc":{"start":{"line":51,"column":4},"end":{"line":53,"column":5}},"type":"if","locations":[{"start":{"line":51,"column":4},"end":{"line":53,"column":5}},{"start":{},"end":{}}],"line":51},"1":{"loc":{"start":{"line":51,"column":8},"end":{"line":51,"column":46}},"type":"binary-expr","locations":[{"start":{"line":51,"column":8},"end":{"line":51,"column":29}},{"start":{"line":51,"column":33},"end":{"line":51,"column":46}}],"line":51},"2":{"loc":{"start":{"line":61,"column":4},"end":{"line":63,"column":5}},"type":"if","locations":[{"start":{"line":61,"column":4},"end":{"line":63,"column":5}},{"start":{},"end":{}}],"line":61}},"s":{"0":5,"1":5,"2":5,"3":2,"4":2,"5":2,"6":2,"7":1,"8":1,"9":5,"10":0,"11":0,"12":0,"13":0,"14":0,"15":0,"16":0,"17":5,"18":2,"19":2,"20":2,"21":2,"22":2,"23":1,"24":2,"25":1,"26":0,"27":1,"28":1,"29":5,"30":3,"31":3,"32":3,"33":2,"34":1,"35":2,"36":1,"37":5},"f":{"0":2,"1":0,"2":0,"3":2,"4":3,"5":1},"b":{"0":[1,1],"1":[2,1],"2":[0,1]},"_coverageSchema":"1a1c01bbd47fc00a2c39e90264f33305004495a9","hash":"d3aae49bb439181099566bca54d81b4b97d1d5dc"}
,"B:\\Stagi_application\\backend_app_Stagi\\Controllers\\attachmentController.js": {"path":"B:\\Stagi_application\\backend_app_Stagi\\Controllers\\attachmentController.js","statementMap":{"0":{"start":{"line":1,"column":21},"end":{"line":1,"column":53}},"1":{"start":{"line":2,"column":11},"end":{"line":2,"column":24}},"2":{"start":{"line":3,"column":13},"end":{"line":3,"column":28}},"3":{"start":{"line":4,"column":19},"end":{"line":4,"column":50}},"4":{"start":{"line":5,"column":16},"end":{"line":5,"column":44}},"5":{"start":{"line":8,"column":19},"end":{"line":43,"column":2}},"6":{"start":{"line":9,"column":24},"end":{"line":9,"column":32}},"7":{"start":{"line":11,"column":2},"end":{"line":13,"column":3}},"8":{"start":{"line":12,"column":4},"end":{"line":12,"column":72}},"9":{"start":{"line":16,"column":18},"end":{"line":16,"column":51}},"10":{"start":{"line":17,"column":2},"end":{"line":19,"column":3}},"11":{"start":{"line":18,"column":4},"end":{"line":18,"column":68}},"12":{"start":{"line":22,"column":21},"end":{"line":27,"column":4}},"13":{"start":{"line":29,"column":2},"end":{"line":29,"column":26}},"14":{"start":{"line":32,"column":2},"end":{"line":32,"column":43}},"15":{"start":{"line":33,"column":2},"end":{"line":33,"column":23}},"16":{"start":{"line":35,"column":2},"end":{"line":41,"column":5}},"17":{"start":{"line":46,"column":23},"end":{"line":55,"column":2}},"18":{"start":{"line":47,"column":24},"end":{"line":47,"column":34}},"19":{"start":{"line":49,"column":18},"end":{"line":49,"column":75}},"20":{"start":{"line":50,"column":2},"end":{"line":52,"column":3}},"21":{"start":{"line":51,"column":4},"end":{"line":51,"column":68}},"22":{"start":{"line":54,"column":2},"end":{"line":54,"column":44}},"23":{"start":{"line":57,"column":23},"end":{"line":67,"column":2}},"24":{"start":{"line":58,"column":23},"end":{"line":58,"column":33}},"25":{"start":{"line":59,"column":19},"end":{"line":59,"column":76}},"26":{"start":{"line":62,"column":2},"end":{"line":64,"column":3}},"27":{"start":{"line":63,"column":4},"end":{"line":63,"column":67}},"28":{"start":{"line":66,"column":2},"end":{"line":66,"column":25}},"29":{"start":{"line":69,"column":0},"end":{"line":73,"column":2}}},"fnMap":{"0":{"name":"(anonymous_0)","decl":{"start":{"line":8,"column":32},"end":{"line":8,"column":33}},"loc":{"start":{"line":8,"column":52},"end":{"line":43,"column":1}},"line":8},"1":{"name":"(anonymous_1)","decl":{"start":{"line":46,"column":36},"end":{"line":46,"column":37}},"loc":{"start":{"line":46,"column":56},"end":{"line":55,"column":1}},"line":46},"2":{"name":"(anonymous_2)","decl":{"start":{"line":57,"column":36},"end":{"line":57,"column":37}},"loc":{"start":{"line":57,"column":56},"end":{"line":67,"column":1}},"line":57}},"branchMap":{"0":{"loc":{"start":{"line":11,"column":2},"end":{"line":13,"column":3}},"type":"if","locations":[{"start":{"line":11,"column":2},"end":{"line":13,"column":3}},{"start":{},"end":{}}],"line":11},"1":{"loc":{"start":{"line":17,"column":2},"end":{"line":19,"column":3}},"type":"if","locations":[{"start":{"line":17,"column":2},"end":{"line":19,"column":3}},{"start":{},"end":{}}],"line":17},"2":{"loc":{"start":{"line":50,"column":2},"end":{"line":52,"column":3}},"type":"if","locations":[{"start":{"line":50,"column":2},"end":{"line":52,"column":3}},{"start":{},"end":{}}],"line":50},"3":{"loc":{"start":{"line":62,"column":2},"end":{"line":64,"column":3}},"type":"if","locations":[{"start":{"line":62,"column":2},"end":{"line":64,"column":3}},{"start":{},"end":{}}],"line":62}},"s":{"0":5,"1":5,"2":5,"3":5,"4":5,"5":5,"6":0,"7":0,"8":0,"9":0,"10":0,"11":0,"12":0,"13":0,"14":0,"15":0,"16":0,"17":5,"18":0,"19":0,"20":0,"21":0,"22":0,"23":5,"24":0,"25":0,"26":0,"27":0,"28":0,"29":5},"f":{"0":0,"1":0,"2":0},"b":{"0":[0,0],"1":[0,0],"2":[0,0],"3":[0,0]},"_coverageSchema":"1a1c01bbd47fc00a2c39e90264f33305004495a9","hash":"9e1abdacdc9a831108a7c339c116b9eb9b981b92"}
,"B:\\Stagi_application\\backend_app_Stagi\\Controllers\\companyControllers.js": {"path":"B:\\Stagi_application\\backend_app_Stagi\\Controllers\\companyControllers.js","statementMap":{"0":{"start":{"line":1,"column":16},"end":{"line":1,"column":44}},"1":{"start":{"line":2,"column":13},"end":{"line":2,"column":38}},"2":{"start":{"line":3,"column":21},"end":{"line":3,"column":53}},"3":{"start":{"line":6,"column":29},"end":{"line":48,"column":2}},"4":{"start":{"line":7,"column":122},"end":{"line":7,"column":130}},"5":{"start":{"line":9,"column":4},"end":{"line":47,"column":5}},"6":{"start":{"line":12,"column":21},"end":{"line":12,"column":48}},"7":{"start":{"line":13,"column":8},"end":{"line":15,"column":9}},"8":{"start":{"line":14,"column":12},"end":{"line":14,"column":71}},"9":{"start":{"line":17,"column":8},"end":{"line":19,"column":9}},"10":{"start":{"line":18,"column":12},"end":{"line":18,"column":93}},"11":{"start":{"line":22,"column":39},"end":{"line":22,"column":72}},"12":{"start":{"line":23,"column":8},"end":{"line":25,"column":9}},"13":{"start":{"line":24,"column":12},"end":{"line":24,"column":87}},"14":{"start":{"line":28,"column":31},"end":{"line":39,"column":10}},"15":{"start":{"line":41,"column":8},"end":{"line":41,"column":36}},"16":{"start":{"line":43,"column":8},"end":{"line":43,"column":98}},"17":{"start":{"line":45,"column":8},"end":{"line":45,"column":63}},"18":{"start":{"line":46,"column":8},"end":{"line":46,"column":120}},"19":{"start":{"line":50,"column":29},"end":{"line":90,"column":2}},"20":{"start":{"line":51,"column":23},"end":{"line":51,"column":33}},"21":{"start":{"line":52,"column":114},"end":{"line":52,"column":122}},"22":{"start":{"line":54,"column":4},"end":{"line":89,"column":5}},"23":{"start":{"line":56,"column":21},"end":{"line":56,"column":48}},"24":{"start":{"line":57,"column":8},"end":{"line":59,"column":9}},"25":{"start":{"line":58,"column":12},"end":{"line":58,"column":71}},"26":{"start":{"line":61,"column":8},"end":{"line":63,"column":9}},"27":{"start":{"line":62,"column":12},"end":{"line":62,"column":93}},"28":{"start":{"line":65,"column":38},"end":{"line":79,"column":9}},"29":{"start":{"line":81,"column":8},"end":{"line":83,"column":9}},"30":{"start":{"line":82,"column":12},"end":{"line":82,"column":82}},"31":{"start":{"line":85,"column":8},"end":{"line":85,"column":105}},"32":{"start":{"line":87,"column":8},"end":{"line":87,"column":63}},"33":{"start":{"line":88,"column":8},"end":{"line":88,"column":120}},"34":{"start":{"line":92,"column":22},"end":{"line":118,"column":2}},"35":{"start":{"line":93,"column":4},"end":{"line":117,"column":5}},"36":{"start":{"line":94,"column":26},"end":{"line":96,"column":19}},"37":{"start":{"line":98,"column":8},"end":{"line":100,"column":9}},"38":{"start":{"line":99,"column":12},"end":{"line":99,"column":84}},"39":{"start":{"line":102,"column":28},"end":{"line":111,"column":9}},"40":{"start":{"line":103,"column":12},"end":{"line":110,"column":19}},"41":{"start":{"line":104,"column":40},"end":{"line":104,"column":59}},"42":{"start":{"line":105,"column":38},"end":{"line":110,"column":17}},"43":{"start":{"line":113,"column":8},"end":{"line":113,"column":67}},"44":{"start":{"line":115,"column":8},"end":{"line":115,"column":56}},"45":{"start":{"line":116,"column":8},"end":{"line":116,"column":96}},"46":{"start":{"line":120,"column":26},"end":{"line":135,"column":2}},"47":{"start":{"line":121,"column":23},"end":{"line":121,"column":33}},"48":{"start":{"line":123,"column":4},"end":{"line":134,"column":5}},"49":{"start":{"line":124,"column":31},"end":{"line":124,"column":64}},"50":{"start":{"line":126,"column":8},"end":{"line":128,"column":9}},"51":{"start":{"line":127,"column":12},"end":{"line":127,"column":82}},"52":{"start":{"line":130,"column":8},"end":{"line":130,"column":100}},"53":{"start":{"line":132,"column":8},"end":{"line":132,"column":60}},"54":{"start":{"line":133,"column":8},"end":{"line":133,"column":122}},"55":{"start":{"line":138,"column":0},"end":{"line":143,"column":2}}},"fnMap":{"0":{"name":"(anonymous_0)","decl":{"start":{"line":6,"column":42},"end":{"line":6,"column":43}},"loc":{"start":{"line":6,"column":62},"end":{"line":48,"column":1}},"line":6},"1":{"name":"(anonymous_1)","decl":{"start":{"line":50,"column":42},"end":{"line":50,"column":43}},"loc":{"start":{"line":50,"column":62},"end":{"line":90,"column":1}},"line":50},"2":{"name":"(anonymous_2)","decl":{"start":{"line":92,"column":35},"end":{"line":92,"column":36}},"loc":{"start":{"line":92,"column":55},"end":{"line":118,"column":1}},"line":92},"3":{"name":"(anonymous_3)","decl":{"start":{"line":102,"column":46},"end":{"line":102,"column":47}},"loc":{"start":{"line":103,"column":12},"end":{"line":110,"column":19}},"line":103},"4":{"name":"(anonymous_4)","decl":{"start":{"line":104,"column":24},"end":{"line":104,"column":25}},"loc":{"start":{"line":104,"column":40},"end":{"line":104,"column":59}},"line":104},"5":{"name":"(anonymous_5)","decl":{"start":{"line":105,"column":21},"end":{"line":105,"column":22}},"loc":{"start":{"line":105,"column":38},"end":{"line":110,"column":17}},"line":105},"6":{"name":"(anonymous_6)","decl":{"start":{"line":120,"column":39},"end":{"line":120,"column":40}},"loc":{"start":{"line":120,"column":59},"end":{"line":135,"column":1}},"line":120}},"branchMap":{"0":{"loc":{"start":{"line":13,"column":8},"end":{"line":15,"column":9}},"type":"if","locations":[{"start":{"line":13,"column":8},"end":{"line":15,"column":9}},{"start":{},"end":{}}],"line":13},"1":{"loc":{"start":{"line":17,"column":8},"end":{"line":19,"column":9}},"type":"if","locations":[{"start":{"line":17,"column":8},"end":{"line":19,"column":9}},{"start":{},"end":{}}],"line":17},"2":{"loc":{"start":{"line":23,"column":8},"end":{"line":25,"column":9}},"type":"if","locations":[{"start":{"line":23,"column":8},"end":{"line":25,"column":9}},{"start":{},"end":{}}],"line":23},"3":{"loc":{"start":{"line":57,"column":8},"end":{"line":59,"column":9}},"type":"if","locations":[{"start":{"line":57,"column":8},"end":{"line":59,"column":9}},{"start":{},"end":{}}],"line":57},"4":{"loc":{"start":{"line":61,"column":8},"end":{"line":63,"column":9}},"type":"if","locations":[{"start":{"line":61,"column":8},"end":{"line":63,"column":9}},{"start":{},"end":{}}],"line":61},"5":{"loc":{"start":{"line":81,"column":8},"end":{"line":83,"column":9}},"type":"if","locations":[{"start":{"line":81,"column":8},"end":{"line":83,"column":9}},{"start":{},"end":{}}],"line":81},"6":{"loc":{"start":{"line":98,"column":8},"end":{"line":100,"column":9}},"type":"if","locations":[{"start":{"line":98,"column":8},"end":{"line":100,"column":9}},{"start":{},"end":{}}],"line":98},"7":{"loc":{"start":{"line":126,"column":8},"end":{"line":128,"column":9}},"type":"if","locations":[{"start":{"line":126,"column":8},"end":{"line":128,"column":9}},{"start":{},"end":{}}],"line":126}},"s":{"0":5,"1":5,"2":5,"3":5,"4":1,"5":1,"6":1,"7":1,"8":0,"9":1,"10":0,"11":1,"12":1,"13":0,"14":1,"15":1,"16":1,"17":0,"18":0,"19":5,"20":1,"21":1,"22":1,"23":1,"24":1,"25":1,"26":0,"27":0,"28":0,"29":0,"30":0,"31":0,"32":0,"33":0,"34":5,"35":1,"36":1,"37":1,"38":0,"39":1,"40":1,"41":2,"42":2,"43":1,"44":0,"45":0,"46":5,"47":1,"48":1,"49":1,"50":1,"51":1,"52":0,"53":0,"54":0,"55":5},"f":{"0":1,"1":1,"2":1,"3":1,"4":2,"5":2,"6":1},"b":{"0":[0,1],"1":[0,1],"2":[0,1],"3":[1,0],"4":[0,0],"5":[0,0],"6":[0,1],"7":[1,0]},"_coverageSchema":"1a1c01bbd47fc00a2c39e90264f33305004495a9","hash":"c09faef32d370188591739098bf775b83e396596"}
,"B:\\Stagi_application\\backend_app_Stagi\\Controllers\\publicationController.js": {"path":"B:\\Stagi_application\\backend_app_Stagi\\Controllers\\publicationController.js","statementMap":{"0":{"start":{"line":1,"column":21},"end":{"line":1,"column":53}},"1":{"start":{"line":2,"column":20},"end":{"line":2,"column":52}},"2":{"start":{"line":4,"column":15},"end":{"line":4,"column":32}},"3":{"start":{"line":5,"column":13},"end":{"line":5,"column":28}},"4":{"start":{"line":6,"column":17},"end":{"line":6,"column":64}},"5":{"start":{"line":9,"column":16},"end":{"line":16,"column":2}},"6":{"start":{"line":11,"column":4},"end":{"line":11,"column":25}},"7":{"start":{"line":14,"column":4},"end":{"line":14,"column":51}},"8":{"start":{"line":19,"column":19},"end":{"line":26,"column":1}},"9":{"start":{"line":20,"column":27},"end":{"line":20,"column":73}},"10":{"start":{"line":21,"column":2},"end":{"line":25,"column":3}},"11":{"start":{"line":22,"column":4},"end":{"line":22,"column":19}},"12":{"start":{"line":24,"column":4},"end":{"line":24,"column":81}},"13":{"start":{"line":28,"column":15},"end":{"line":28,"column":46}},"14":{"start":{"line":31,"column":26},"end":{"line":52,"column":2}},"15":{"start":{"line":32,"column":29},"end":{"line":32,"column":37}},"16":{"start":{"line":35,"column":16},"end":{"line":35,"column":69}},"17":{"start":{"line":36,"column":14},"end":{"line":36,"column":63}},"18":{"start":{"line":38,"column":2},"end":{"line":41,"column":3}},"19":{"start":{"line":39,"column":4},"end":{"line":39,"column":20}},"20":{"start":{"line":40,"column":4},"end":{"line":40,"column":55}},"21":{"start":{"line":43,"column":22},"end":{"line":49,"column":4}},"22":{"start":{"line":51,"column":2},"end":{"line":51,"column":36}},"23":{"start":{"line":54,"column":24},"end":{"line":64,"column":2}},"24":{"start":{"line":55,"column":23},"end":{"line":55,"column":82}},"25":{"start":{"line":57,"column":30},"end":{"line":61,"column":5}},"26":{"start":{"line":57,"column":65},"end":{"line":61,"column":3}},"27":{"start":{"line":63,"column":2},"end":{"line":63,"column":44}},"28":{"start":{"line":66,"column":27},"end":{"line":83,"column":2}},"29":{"start":{"line":67,"column":22},"end":{"line":69,"column":48}},"30":{"start":{"line":71,"column":2},"end":{"line":74,"column":3}},"31":{"start":{"line":72,"column":4},"end":{"line":72,"column":20}},"32":{"start":{"line":73,"column":4},"end":{"line":73,"column":45}},"33":{"start":{"line":76,"column":29},"end":{"line":80,"column":3}},"34":{"start":{"line":82,"column":2},"end":{"line":82,"column":43}},"35":{"start":{"line":86,"column":21},"end":{"line":95,"column":1}},"36":{"start":{"line":87,"column":23},"end":{"line":87,"column":47}},"37":{"start":{"line":88,"column":2},"end":{"line":93,"column":3}},"38":{"start":{"line":89,"column":4},"end":{"line":92,"column":5}},"39":{"start":{"line":90,"column":6},"end":{"line":90,"column":91}},"40":{"start":{"line":91,"column":6},"end":{"line":91,"column":31}},"41":{"start":{"line":94,"column":2},"end":{"line":94,"column":49}},"42":{"start":{"line":100,"column":24},"end":{"line":111,"column":2}},"43":{"start":{"line":101,"column":22},"end":{"line":101,"column":63}},"44":{"start":{"line":103,"column":2},"end":{"line":106,"column":3}},"45":{"start":{"line":104,"column":4},"end":{"line":104,"column":20}},"46":{"start":{"line":105,"column":4},"end":{"line":105,"column":45}},"47":{"start":{"line":108,"column":2},"end":{"line":108,"column":25}},"48":{"start":{"line":109,"column":2},"end":{"line":109,"column":27}},"49":{"start":{"line":110,"column":2},"end":{"line":110,"column":53}},"50":{"start":{"line":114,"column":26},"end":{"line":127,"column":2}},"51":{"start":{"line":115,"column":22},"end":{"line":115,"column":63}},"52":{"start":{"line":117,"column":2},"end":{"line":120,"column":3}},"53":{"start":{"line":118,"column":4},"end":{"line":118,"column":20}},"54":{"start":{"line":119,"column":4},"end":{"line":119,"column":45}},"55":{"start":{"line":122,"column":2},"end":{"line":125,"column":3}},"56":{"start":{"line":123,"column":4},"end":{"line":123,"column":27}},"57":{"start":{"line":124,"column":4},"end":{"line":124,"column":29}},"58":{"start":{"line":126,"column":2},"end":{"line":126,"column":53}},"59":{"start":{"line":132,"column":22},"end":{"line":166,"column":2}},"60":{"start":{"line":133,"column":30},"end":{"line":133,"column":38}},"61":{"start":{"line":135,"column":2},"end":{"line":138,"column":3}},"62":{"start":{"line":136,"column":4},"end":{"line":136,"column":20}},"63":{"start":{"line":137,"column":4},"end":{"line":137,"column":57}},"64":{"start":{"line":140,"column":22},"end":{"line":140,"column":63}},"65":{"start":{"line":142,"column":2},"end":{"line":145,"column":3}},"66":{"start":{"line":143,"column":4},"end":{"line":143,"column":20}},"67":{"start":{"line":144,"column":4},"end":{"line":144,"column":45}},"68":{"start":{"line":148,"column":18},"end":{"line":148,"column":52}},"69":{"start":{"line":150,"column":2},"end":{"line":153,"column":3}},"70":{"start":{"line":151,"column":4},"end":{"line":151,"column":20}},"71":{"start":{"line":152,"column":4},"end":{"line":152,"column":41}},"72":{"start":{"line":156,"column":2},"end":{"line":159,"column":3}},"73":{"start":{"line":157,"column":4},"end":{"line":157,"column":20}},"74":{"start":{"line":158,"column":4},"end":{"line":158,"column":69}},"75":{"start":{"line":162,"column":2},"end":{"line":162,"column":22}},"76":{"start":{"line":163,"column":2},"end":{"line":163,"column":27}},"77":{"start":{"line":165,"column":2},"end":{"line":165,"column":45}},"78":{"start":{"line":170,"column":22},"end":{"line":199,"column":2}},"79":{"start":{"line":171,"column":24},"end":{"line":171,"column":32}},"80":{"start":{"line":173,"column":22},"end":{"line":173,"column":63}},"81":{"start":{"line":175,"column":2},"end":{"line":178,"column":3}},"82":{"start":{"line":176,"column":4},"end":{"line":176,"column":20}},"83":{"start":{"line":177,"column":4},"end":{"line":177,"column":45}},"84":{"start":{"line":181,"column":18},"end":{"line":181,"column":52}},"85":{"start":{"line":183,"column":2},"end":{"line":186,"column":3}},"86":{"start":{"line":184,"column":4},"end":{"line":184,"column":20}},"87":{"start":{"line":185,"column":4},"end":{"line":185,"column":41}},"88":{"start":{"line":189,"column":2},"end":{"line":192,"column":3}},"89":{"start":{"line":190,"column":4},"end":{"line":190,"column":20}},"90":{"start":{"line":191,"column":4},"end":{"line":191,"column":69}},"91":{"start":{"line":195,"column":2},"end":{"line":195,"column":19}},"92":{"start":{"line":196,"column":2},"end":{"line":196,"column":27}},"93":{"start":{"line":198,"column":2},"end":{"line":198,"column":45}},"94":{"start":{"line":203,"column":19},"end":{"line":227,"column":2}},"95":{"start":{"line":204,"column":19},"end":{"line":204,"column":27}},"96":{"start":{"line":206,"column":2},"end":{"line":209,"column":3}},"97":{"start":{"line":207,"column":4},"end":{"line":207,"column":20}},"98":{"start":{"line":208,"column":4},"end":{"line":208,"column":49}},"99":{"start":{"line":211,"column":22},"end":{"line":211,"column":63}},"100":{"start":{"line":213,"column":2},"end":{"line":216,"column":3}},"101":{"start":{"line":214,"column":4},"end":{"line":214,"column":20}},"102":{"start":{"line":215,"column":4},"end":{"line":215,"column":45}},"103":{"start":{"line":218,"column":18},"end":{"line":221,"column":3}},"104":{"start":{"line":223,"column":2},"end":{"line":223,"column":37}},"105":{"start":{"line":224,"column":2},"end":{"line":224,"column":27}},"106":{"start":{"line":226,"column":2},"end":{"line":226,"column":45}},"107":{"start":{"line":232,"column":0},"end":{"line":232,"column":15}},"108":{"start":{"line":236,"column":0},"end":{"line":246,"column":2}}},"fnMap":{"0":{"name":"(anonymous_0)","decl":{"start":{"line":10,"column":15},"end":{"line":10,"column":16}},"loc":{"start":{"line":10,"column":34},"end":{"line":12,"column":3}},"line":10},"1":{"name":"(anonymous_1)","decl":{"start":{"line":13,"column":12},"end":{"line":13,"column":13}},"loc":{"start":{"line":13,"column":31},"end":{"line":15,"column":3}},"line":13},"2":{"name":"(anonymous_2)","decl":{"start":{"line":19,"column":19},"end":{"line":19,"column":20}},"loc":{"start":{"line":19,"column":38},"end":{"line":26,"column":1}},"line":19},"3":{"name":"(anonymous_3)","decl":{"start":{"line":31,"column":39},"end":{"line":31,"column":40}},"loc":{"start":{"line":31,"column":59},"end":{"line":52,"column":1}},"line":31},"4":{"name":"(anonymous_4)","decl":{"start":{"line":54,"column":37},"end":{"line":54,"column":38}},"loc":{"start":{"line":54,"column":57},"end":{"line":64,"column":1}},"line":54},"5":{"name":"(anonymous_5)","decl":{"start":{"line":57,"column":47},"end":{"line":57,"column":48}},"loc":{"start":{"line":57,"column":65},"end":{"line":61,"column":3}},"line":57},"6":{"name":"(anonymous_6)","decl":{"start":{"line":66,"column":40},"end":{"line":66,"column":41}},"loc":{"start":{"line":66,"column":60},"end":{"line":83,"column":1}},"line":66},"7":{"name":"(anonymous_7)","decl":{"start":{"line":86,"column":21},"end":{"line":86,"column":22}},"loc":{"start":{"line":86,"column":33},"end":{"line":95,"column":1}},"line":86},"8":{"name":"(anonymous_8)","decl":{"start":{"line":100,"column":37},"end":{"line":100,"column":38}},"loc":{"start":{"line":100,"column":57},"end":{"line":111,"column":1}},"line":100},"9":{"name":"(anonymous_9)","decl":{"start":{"line":114,"column":39},"end":{"line":114,"column":40}},"loc":{"start":{"line":114,"column":59},"end":{"line":127,"column":1}},"line":114},"10":{"name":"(anonymous_10)","decl":{"start":{"line":132,"column":35},"end":{"line":132,"column":36}},"loc":{"start":{"line":132,"column":55},"end":{"line":166,"column":1}},"line":132},"11":{"name":"(anonymous_11)","decl":{"start":{"line":170,"column":35},"end":{"line":170,"column":36}},"loc":{"start":{"line":170,"column":55},"end":{"line":199,"column":1}},"line":170},"12":{"name":"(anonymous_12)","decl":{"start":{"line":203,"column":32},"end":{"line":203,"column":33}},"loc":{"start":{"line":203,"column":52},"end":{"line":227,"column":1}},"line":203}},"branchMap":{"0":{"loc":{"start":{"line":6,"column":17},"end":{"line":6,"column":64}},"type":"binary-expr","locations":[{"start":{"line":6,"column":17},"end":{"line":6,"column":37}},{"start":{"line":6,"column":41},"end":{"line":6,"column":64}}],"line":6},"1":{"loc":{"start":{"line":21,"column":2},"end":{"line":25,"column":3}},"type":"if","locations":[{"start":{"line":21,"column":2},"end":{"line":25,"column":3}},{"start":{"line":23,"column":9},"end":{"line":25,"column":3}}],"line":21},"2":{"loc":{"start":{"line":35,"column":16},"end":{"line":35,"column":69}},"type":"cond-expr","locations":[{"start":{"line":35,"column":35},"end":{"line":35,"column":62}},{"start":{"line":35,"column":65},"end":{"line":35,"column":69}}],"line":35},"3":{"loc":{"start":{"line":36,"column":14},"end":{"line":36,"column":63}},"type":"cond-expr","locations":[{"start":{"line":36,"column":31},"end":{"line":36,"column":56}},{"start":{"line":36,"column":59},"end":{"line":36,"column":63}}],"line":36},"4":{"loc":{"start":{"line":38,"column":2},"end":{"line":41,"column":3}},"type":"if","locations":[{"start":{"line":38,"column":2},"end":{"line":41,"column":3}},{"start":{},"end":{}}],"line":38},"5":{"loc":{"start":{"line":38,"column":6},"end":{"line":38,"column":24}},"type":"binary-expr","locations":[{"start":{"line":38,"column":6},"end":{"line":38,"column":12}},{"start":{"line":38,"column":16},"end":{"line":38,"column":24}}],"line":38},"6":{"loc":{"start":{"line":59,"column":11},"end":{"line":59,"column":80}},"type":"cond-expr","locations":[{"start":{"line":59,"column":31},"end":{"line":59,"column":73}},{"start":{"line":59,"column":76},"end":{"line":59,"column":80}}],"line":59},"7":{"loc":{"start":{"line":60,"column":9},"end":{"line":60,"column":74}},"type":"cond-expr","locations":[{"start":{"line":60,"column":27},"end":{"line":60,"column":67}},{"start":{"line":60,"column":70},"end":{"line":60,"column":74}}],"line":60},"8":{"loc":{"start":{"line":71,"column":2},"end":{"line":74,"column":3}},"type":"if","locations":[{"start":{"line":71,"column":2},"end":{"line":74,"column":3}},{"start":{},"end":{}}],"line":71},"9":{"loc":{"start":{"line":78,"column":11},"end":{"line":78,"column":80}},"type":"cond-expr","locations":[{"start":{"line":78,"column":31},"end":{"line":78,"column":73}},{"start":{"line":78,"column":76},"end":{"line":78,"column":80}}],"line":78},"10":{"loc":{"start":{"line":79,"column":9},"end":{"line":79,"column":74}},"type":"cond-expr","locations":[{"start":{"line":79,"column":27},"end":{"line":79,"column":67}},{"start":{"line":79,"column":70},"end":{"line":79,"column":74}}],"line":79},"11":{"loc":{"start":{"line":89,"column":4},"end":{"line":92,"column":5}},"type":"if","locations":[{"start":{"line":89,"column":4},"end":{"line":92,"column":5}},{"start":{},"end":{}}],"line":89},"12":{"loc":{"start":{"line":89,"column":8},"end":{"line":89,"column":66}},"type":"binary-expr","locations":[{"start":{"line":89,"column":8},"end":{"line":89,"column":25}},{"start":{"line":89,"column":29},"end":{"line":89,"column":66}}],"line":89},"13":{"loc":{"start":{"line":103,"column":2},"end":{"line":106,"column":3}},"type":"if","locations":[{"start":{"line":103,"column":2},"end":{"line":106,"column":3}},{"start":{},"end":{}}],"line":103},"14":{"loc":{"start":{"line":117,"column":2},"end":{"line":120,"column":3}},"type":"if","locations":[{"start":{"line":117,"column":2},"end":{"line":120,"column":3}},{"start":{},"end":{}}],"line":117},"15":{"loc":{"start":{"line":122,"column":2},"end":{"line":125,"column":3}},"type":"if","locations":[{"start":{"line":122,"column":2},"end":{"line":125,"column":3}},{"start":{},"end":{}}],"line":122},"16":{"loc":{"start":{"line":135,"column":2},"end":{"line":138,"column":3}},"type":"if","locations":[{"start":{"line":135,"column":2},"end":{"line":138,"column":3}},{"start":{},"end":{}}],"line":135},"17":{"loc":{"start":{"line":142,"column":2},"end":{"line":145,"column":3}},"type":"if","locations":[{"start":{"line":142,"column":2},"end":{"line":145,"column":3}},{"start":{},"end":{}}],"line":142},"18":{"loc":{"start":{"line":150,"column":2},"end":{"line":153,"column":3}},"type":"if","locations":[{"start":{"line":150,"column":2},"end":{"line":153,"column":3}},{"start":{},"end":{}}],"line":150},"19":{"loc":{"start":{"line":156,"column":2},"end":{"line":159,"column":3}},"type":"if","locations":[{"start":{"line":156,"column":2},"end":{"line":159,"column":3}},{"start":{},"end":{}}],"line":156},"20":{"loc":{"start":{"line":175,"column":2},"end":{"line":178,"column":3}},"type":"if","locations":[{"start":{"line":175,"column":2},"end":{"line":178,"column":3}},{"start":{},"end":{}}],"line":175},"21":{"loc":{"start":{"line":183,"column":2},"end":{"line":186,"column":3}},"type":"if","locations":[{"start":{"line":183,"column":2},"end":{"line":186,"column":3}},{"start":{},"end":{}}],"line":183},"22":{"loc":{"start":{"line":189,"column":2},"end":{"line":192,"column":3}},"type":"if","locations":[{"start":{"line":189,"column":2},"end":{"line":192,"column":3}},{"start":{},"end":{}}],"line":189},"23":{"loc":{"start":{"line":206,"column":2},"end":{"line":209,"column":3}},"type":"if","locations":[{"start":{"line":206,"column":2},"end":{"line":209,"column":3}},{"start":{},"end":{}}],"line":206},"24":{"loc":{"start":{"line":213,"column":2},"end":{"line":216,"column":3}},"type":"if","locations":[{"start":{"line":213,"column":2},"end":{"line":216,"column":3}},{"start":{},"end":{}}],"line":213}},"s":{"0":5,"1":5,"2":5,"3":5,"4":5,"5":5,"6":0,"7":0,"8":5,"9":0,"10":0,"11":0,"12":0,"13":5,"14":5,"15":0,"16":0,"17":0,"18":0,"19":0,"20":0,"21":0,"22":0,"23":5,"24":0,"25":0,"26":0,"27":0,"28":5,"29":0,"30":0,"31":0,"32":0,"33":0,"34":0,"35":5,"36":5,"37":5,"38":0,"39":0,"40":0,"41":5,"42":5,"43":0,"44":0,"45":0,"46":0,"47":0,"48":0,"49":0,"50":5,"51":0,"52":0,"53":0,"54":0,"55":0,"56":0,"57":0,"58":0,"59":5,"60":0,"61":0,"62":0,"63":0,"64":0,"65":0,"66":0,"67":0,"68":0,"69":0,"70":0,"71":0,"72":0,"73":0,"74":0,"75":0,"76":0,"77":0,"78":5,"79":0,"80":0,"81":0,"82":0,"83":0,"84":0,"85":0,"86":0,"87":0,"88":0,"89":0,"90":0,"91":0,"92":0,"93":0,"94":5,"95":0,"96":0,"97":0,"98":0,"99":0,"100":0,"101":0,"102":0,"103":0,"104":0,"105":0,"106":0,"107":5,"108":5},"f":{"0":0,"1":0,"2":0,"3":0,"4":0,"5":0,"6":0,"7":5,"8":0,"9":0,"10":0,"11":0,"12":0},"b":{"0":[5,5],"1":[0,0],"2":[0,0],"3":[0,0],"4":[0,0],"5":[0,0],"6":[0,0],"7":[0,0],"8":[0,0],"9":[0,0],"10":[0,0],"11":[0,0],"12":[0,0],"13":[0,0],"14":[0,0],"15":[0,0],"16":[0,0],"17":[0,0],"18":[0,0],"19":[0,0],"20":[0,0],"21":[0,0],"22":[0,0],"23":[0,0],"24":[0,0]},"_coverageSchema":"1a1c01bbd47fc00a2c39e90264f33305004495a9","hash":"b8491cbae01f442cf36b7a1701dddcd0ee40f429"}
,"B:\\Stagi_application\\backend_app_Stagi\\Controllers\\studentControllers.js": {"path":"B:\\Stagi_application\\backend_app_Stagi\\Controllers\\studentControllers.js","statementMap":{"0":{"start":{"line":1,"column":20},"end":{"line":1,"column":52}},"1":{"start":{"line":2,"column":16},"end":{"line":2,"column":44}},"2":{"start":{"line":3,"column":13},"end":{"line":3,"column":38}},"3":{"start":{"line":4,"column":21},"end":{"line":4,"column":53}},"4":{"start":{"line":7,"column":29},"end":{"line":68,"column":2}},"5":{"start":{"line":8,"column":109},"end":{"line":8,"column":117}},"6":{"start":{"line":9,"column":4},"end":{"line":67,"column":5}},"7":{"start":{"line":11,"column":21},"end":{"line":11,"column":48}},"8":{"start":{"line":12,"column":8},"end":{"line":14,"column":9}},"9":{"start":{"line":13,"column":12},"end":{"line":13,"column":71}},"10":{"start":{"line":17,"column":8},"end":{"line":19,"column":9}},"11":{"start":{"line":18,"column":12},"end":{"line":18,"column":93}},"12":{"start":{"line":22,"column":39},"end":{"line":22,"column":72}},"13":{"start":{"line":23,"column":8},"end":{"line":25,"column":9}},"14":{"start":{"line":24,"column":12},"end":{"line":24,"column":87}},"15":{"start":{"line":28,"column":8},"end":{"line":42,"column":9}},"16":{"start":{"line":29,"column":12},"end":{"line":41,"column":13}},"17":{"start":{"line":30,"column":34},"end":{"line":30,"column":86}},"18":{"start":{"line":33,"column":16},"end":{"line":40,"column":17}},"19":{"start":{"line":34,"column":20},"end":{"line":34,"column":54}},"20":{"start":{"line":37,"column":20},"end":{"line":37,"column":77}},"21":{"start":{"line":38,"column":20},"end":{"line":38,"column":45}},"22":{"start":{"line":39,"column":20},"end":{"line":39,"column":54}},"23":{"start":{"line":45,"column":31},"end":{"line":56,"column":10}},"24":{"start":{"line":59,"column":8},"end":{"line":59,"column":36}},"25":{"start":{"line":62,"column":8},"end":{"line":62,"column":98}},"26":{"start":{"line":66,"column":8},"end":{"line":66,"column":120}},"27":{"start":{"line":71,"column":29},"end":{"line":121,"column":2}},"28":{"start":{"line":72,"column":23},"end":{"line":72,"column":33}},"29":{"start":{"line":73,"column":101},"end":{"line":73,"column":109}},"30":{"start":{"line":75,"column":17},"end":{"line":75,"column":44}},"31":{"start":{"line":76,"column":4},"end":{"line":78,"column":5}},"32":{"start":{"line":77,"column":8},"end":{"line":77,"column":67}},"33":{"start":{"line":80,"column":4},"end":{"line":82,"column":5}},"34":{"start":{"line":81,"column":8},"end":{"line":81,"column":89}},"35":{"start":{"line":84,"column":29},"end":{"line":84,"column":31}},"36":{"start":{"line":85,"column":4},"end":{"line":97,"column":5}},"37":{"start":{"line":86,"column":26},"end":{"line":86,"column":78}},"38":{"start":{"line":88,"column":8},"end":{"line":91,"column":9}},"39":{"start":{"line":89,"column":12},"end":{"line":89,"column":69}},"40":{"start":{"line":90,"column":12},"end":{"line":90,"column":37}},"41":{"start":{"line":93,"column":8},"end":{"line":96,"column":11}},"42":{"start":{"line":100,"column":34},"end":{"line":114,"column":5}},"43":{"start":{"line":116,"column":4},"end":{"line":118,"column":5}},"44":{"start":{"line":117,"column":8},"end":{"line":117,"column":78}},"45":{"start":{"line":120,"column":4},"end":{"line":120,"column":101}},"46":{"start":{"line":124,"column":26},"end":{"line":158,"column":2}},"47":{"start":{"line":125,"column":23},"end":{"line":125,"column":33}},"48":{"start":{"line":128,"column":17},"end":{"line":128,"column":44}},"49":{"start":{"line":129,"column":4},"end":{"line":131,"column":5}},"50":{"start":{"line":130,"column":8},"end":{"line":130,"column":67}},"51":{"start":{"line":134,"column":4},"end":{"line":136,"column":5}},"52":{"start":{"line":135,"column":8},"end":{"line":135,"column":89}},"53":{"start":{"line":139,"column":27},"end":{"line":140,"column":42}},"54":{"start":{"line":142,"column":4},"end":{"line":144,"column":5}},"55":{"start":{"line":143,"column":8},"end":{"line":143,"column":78}},"56":{"start":{"line":147,"column":31},"end":{"line":150,"column":7}},"57":{"start":{"line":147,"column":68},"end":{"line":150,"column":5}},"58":{"start":{"line":152,"column":21},"end":{"line":155,"column":5}},"59":{"start":{"line":157,"column":4},"end":{"line":157,"column":106}},"60":{"start":{"line":161,"column":0},"end":{"line":165,"column":2}}},"fnMap":{"0":{"name":"(anonymous_0)","decl":{"start":{"line":7,"column":42},"end":{"line":7,"column":43}},"loc":{"start":{"line":7,"column":62},"end":{"line":68,"column":1}},"line":7},"1":{"name":"(anonymous_1)","decl":{"start":{"line":71,"column":42},"end":{"line":71,"column":43}},"loc":{"start":{"line":71,"column":62},"end":{"line":121,"column":1}},"line":71},"2":{"name":"(anonymous_2)","decl":{"start":{"line":124,"column":39},"end":{"line":124,"column":40}},"loc":{"start":{"line":124,"column":59},"end":{"line":158,"column":1}},"line":124},"3":{"name":"(anonymous_3)","decl":{"start":{"line":147,"column":60},"end":{"line":147,"column":61}},"loc":{"start":{"line":147,"column":68},"end":{"line":150,"column":5}},"line":147}},"branchMap":{"0":{"loc":{"start":{"line":12,"column":8},"end":{"line":14,"column":9}},"type":"if","locations":[{"start":{"line":12,"column":8},"end":{"line":14,"column":9}},{"start":{},"end":{}}],"line":12},"1":{"loc":{"start":{"line":17,"column":8},"end":{"line":19,"column":9}},"type":"if","locations":[{"start":{"line":17,"column":8},"end":{"line":19,"column":9}},{"start":{},"end":{}}],"line":17},"2":{"loc":{"start":{"line":23,"column":8},"end":{"line":25,"column":9}},"type":"if","locations":[{"start":{"line":23,"column":8},"end":{"line":25,"column":9}},{"start":{},"end":{}}],"line":23},"3":{"loc":{"start":{"line":29,"column":12},"end":{"line":41,"column":13}},"type":"if","locations":[{"start":{"line":29,"column":12},"end":{"line":41,"column":13}},{"start":{},"end":{}}],"line":29},"4":{"loc":{"start":{"line":33,"column":16},"end":{"line":40,"column":17}},"type":"if","locations":[{"start":{"line":33,"column":16},"end":{"line":40,"column":17}},{"start":{"line":35,"column":23},"end":{"line":40,"column":17}}],"line":33},"5":{"loc":{"start":{"line":76,"column":4},"end":{"line":78,"column":5}},"type":"if","locations":[{"start":{"line":76,"column":4},"end":{"line":78,"column":5}},{"start":{},"end":{}}],"line":76},"6":{"loc":{"start":{"line":80,"column":4},"end":{"line":82,"column":5}},"type":"if","locations":[{"start":{"line":80,"column":4},"end":{"line":82,"column":5}},{"start":{},"end":{}}],"line":80},"7":{"loc":{"start":{"line":88,"column":8},"end":{"line":91,"column":9}},"type":"if","locations":[{"start":{"line":88,"column":8},"end":{"line":91,"column":9}},{"start":{},"end":{}}],"line":88},"8":{"loc":{"start":{"line":116,"column":4},"end":{"line":118,"column":5}},"type":"if","locations":[{"start":{"line":116,"column":4},"end":{"line":118,"column":5}},{"start":{},"end":{}}],"line":116},"9":{"loc":{"start":{"line":129,"column":4},"end":{"line":131,"column":5}},"type":"if","locations":[{"start":{"line":129,"column":4},"end":{"line":131,"column":5}},{"start":{},"end":{}}],"line":129},"10":{"loc":{"start":{"line":134,"column":4},"end":{"line":136,"column":5}},"type":"if","locations":[{"start":{"line":134,"column":4},"end":{"line":136,"column":5}},{"start":{},"end":{}}],"line":134},"11":{"loc":{"start":{"line":142,"column":4},"end":{"line":144,"column":5}},"type":"if","locations":[{"start":{"line":142,"column":4},"end":{"line":144,"column":5}},{"start":{},"end":{}}],"line":142}},"s":{"0":5,"1":5,"2":5,"3":5,"4":5,"5":3,"6":3,"7":3,"8":3,"9":2,"10":1,"11":0,"12":1,"13":1,"14":0,"15":1,"16":1,"17":1,"18":1,"19":0,"20":1,"21":1,"22":1,"23":1,"24":1,"25":1,"26":0,"27":5,"28":1,"29":1,"30":1,"31":1,"32":0,"33":1,"34":0,"35":1,"36":1,"37":0,"38":0,"39":0,"40":0,"41":0,"42":1,"43":1,"44":0,"45":1,"46":5,"47":1,"48":1,"49":1,"50":1,"51":0,"52":0,"53":0,"54":0,"55":0,"56":0,"57":0,"58":0,"59":0,"60":5},"f":{"0":3,"1":1,"2":1,"3":0},"b":{"0":[2,1],"1":[0,1],"2":[0,1],"3":[1,0],"4":[0,1],"5":[0,1],"6":[0,1],"7":[0,0],"8":[0,1],"9":[1,0],"10":[0,0],"11":[0,0]},"_coverageSchema":"1a1c01bbd47fc00a2c39e90264f33305004495a9","hash":"c2947fac46e296676c0ed84620b0a3323308a3e4"}
,"B:\\Stagi_application\\backend_app_Stagi\\Controllers\\userControllers.js": {"path":"B:\\Stagi_application\\backend_app_Stagi\\Controllers\\userControllers.js","statementMap":{"0":{"start":{"line":1,"column":21},"end":{"line":1,"column":53}},"1":{"start":{"line":2,"column":15},"end":{"line":2,"column":34}},"2":{"start":{"line":3,"column":12},"end":{"line":3,"column":35}},"3":{"start":{"line":4,"column":13},"end":{"line":4,"column":38}},"4":{"start":{"line":7,"column":21},"end":{"line":49,"column":2}},"5":{"start":{"line":9,"column":46},"end":{"line":9,"column":54}},"6":{"start":{"line":11,"column":2},"end":{"line":14,"column":3}},"7":{"start":{"line":12,"column":4},"end":{"line":12,"column":20}},"8":{"start":{"line":13,"column":4},"end":{"line":13,"column":49}},"9":{"start":{"line":17,"column":24},"end":{"line":17,"column":53}},"10":{"start":{"line":18,"column":2},"end":{"line":21,"column":3}},"11":{"start":{"line":19,"column":4},"end":{"line":19,"column":20}},"12":{"start":{"line":20,"column":4},"end":{"line":20,"column":48}},"13":{"start":{"line":24,"column":25},"end":{"line":24,"column":57}},"14":{"start":{"line":25,"column":2},"end":{"line":28,"column":3}},"15":{"start":{"line":26,"column":4},"end":{"line":26,"column":20}},"16":{"start":{"line":27,"column":4},"end":{"line":27,"column":47}},"17":{"start":{"line":31,"column":25},"end":{"line":31,"column":56}},"18":{"start":{"line":32,"column":2},"end":{"line":32,"column":51}},"19":{"start":{"line":35,"column":15},"end":{"line":40,"column":4}},"20":{"start":{"line":42,"column":2},"end":{"line":42,"column":39}},"21":{"start":{"line":43,"column":2},"end":{"line":48,"column":3}},"22":{"start":{"line":44,"column":4},"end":{"line":44,"column":62}},"23":{"start":{"line":46,"column":4},"end":{"line":46,"column":20}},"24":{"start":{"line":47,"column":4},"end":{"line":47,"column":46}},"25":{"start":{"line":52,"column":18},"end":{"line":74,"column":2}},"26":{"start":{"line":53,"column":30},"end":{"line":53,"column":38}},"27":{"start":{"line":55,"column":15},"end":{"line":55,"column":44}},"28":{"start":{"line":57,"column":2},"end":{"line":73,"column":3}},"29":{"start":{"line":58,"column":24},"end":{"line":62,"column":5}},"30":{"start":{"line":64,"column":4},"end":{"line":70,"column":7}},"31":{"start":{"line":72,"column":4},"end":{"line":72,"column":59}},"32":{"start":{"line":78,"column":20},"end":{"line":80,"column":2}},"33":{"start":{"line":79,"column":2},"end":{"line":79,"column":21}},"34":{"start":{"line":82,"column":0},"end":{"line":82,"column":58}}},"fnMap":{"0":{"name":"(anonymous_0)","decl":{"start":{"line":7,"column":34},"end":{"line":7,"column":35}},"loc":{"start":{"line":7,"column":54},"end":{"line":49,"column":1}},"line":7},"1":{"name":"(anonymous_1)","decl":{"start":{"line":52,"column":31},"end":{"line":52,"column":32}},"loc":{"start":{"line":52,"column":51},"end":{"line":74,"column":1}},"line":52},"2":{"name":"(anonymous_2)","decl":{"start":{"line":78,"column":33},"end":{"line":78,"column":34}},"loc":{"start":{"line":78,"column":53},"end":{"line":80,"column":1}},"line":78}},"branchMap":{"0":{"loc":{"start":{"line":11,"column":2},"end":{"line":14,"column":3}},"type":"if","locations":[{"start":{"line":11,"column":2},"end":{"line":14,"column":3}},{"start":{},"end":{}}],"line":11},"1":{"loc":{"start":{"line":11,"column":6},"end":{"line":11,"column":47}},"type":"binary-expr","locations":[{"start":{"line":11,"column":6},"end":{"line":11,"column":15}},{"start":{"line":11,"column":19},"end":{"line":11,"column":25}},{"start":{"line":11,"column":29},"end":{"line":11,"column":38}},{"start":{"line":11,"column":42},"end":{"line":11,"column":47}}],"line":11},"2":{"loc":{"start":{"line":18,"column":2},"end":{"line":21,"column":3}},"type":"if","locations":[{"start":{"line":18,"column":2},"end":{"line":21,"column":3}},{"start":{},"end":{}}],"line":18},"3":{"loc":{"start":{"line":25,"column":2},"end":{"line":28,"column":3}},"type":"if","locations":[{"start":{"line":25,"column":2},"end":{"line":28,"column":3}},{"start":{},"end":{}}],"line":25},"4":{"loc":{"start":{"line":43,"column":2},"end":{"line":48,"column":3}},"type":"if","locations":[{"start":{"line":43,"column":2},"end":{"line":48,"column":3}},{"start":{"line":45,"column":9},"end":{"line":48,"column":3}}],"line":43},"5":{"loc":{"start":{"line":57,"column":2},"end":{"line":73,"column":3}},"type":"if","locations":[{"start":{"line":57,"column":2},"end":{"line":73,"column":3}},{"start":{"line":71,"column":9},"end":{"line":73,"column":3}}],"line":57},"6":{"loc":{"start":{"line":57,"column":6},"end":{"line":57,"column":61}},"type":"binary-expr","locations":[{"start":{"line":57,"column":6},"end":{"line":57,"column":10}},{"start":{"line":57,"column":15},"end":{"line":57,"column":60}}],"line":57}},"s":{"0":6,"1":6,"2":6,"3":6,"4":6,"5":4,"6":4,"7":1,"8":1,"9":3,"10":3,"11":2,"12":2,"13":1,"14":1,"15":0,"16":0,"17":1,"18":1,"19":1,"20":1,"21":1,"22":1,"23":0,"24":0,"25":6,"26":2,"27":2,"28":2,"29":1,"30":1,"31":1,"32":6,"33":0,"34":6},"f":{"0":4,"1":2,"2":0},"b":{"0":[1,3],"1":[4,3,3,3],"2":[2,1],"3":[0,1],"4":[1,0],"5":[1,1],"6":[2,1]},"_coverageSchema":"1a1c01bbd47fc00a2c39e90264f33305004495a9","hash":"84d89007b29bc84645d6c437dba4da71231cf05e"}
,"B:\\Stagi_application\\backend_app_Stagi\\Middleware\\errorHandler.js": {"path":"B:\\Stagi_application\\backend_app_Stagi\\Middleware\\errorHandler.js","statementMap":{"0":{"start":{"line":1,"column":22},"end":{"line":1,"column":45}},"1":{"start":{"line":3,"column":21},"end":{"line":46,"column":1}},"2":{"start":{"line":4,"column":21},"end":{"line":4,"column":58}},"3":{"start":{"line":6,"column":2},"end":{"line":45,"column":3}},"4":{"start":{"line":8,"column":6},"end":{"line":12,"column":9}},"5":{"start":{"line":13,"column":6},"end":{"line":13,"column":12}},"6":{"start":{"line":15,"column":6},"end":{"line":19,"column":9}},"7":{"start":{"line":20,"column":6},"end":{"line":20,"column":12}},"8":{"start":{"line":22,"column":6},"end":{"line":26,"column":9}},"9":{"start":{"line":27,"column":6},"end":{"line":27,"column":12}},"10":{"start":{"line":29,"column":6},"end":{"line":33,"column":9}},"11":{"start":{"line":34,"column":6},"end":{"line":34,"column":12}},"12":{"start":{"line":36,"column":6},"end":{"line":40,"column":9}},"13":{"start":{"line":41,"column":6},"end":{"line":41,"column":12}},"14":{"start":{"line":43,"column":6},"end":{"line":43,"column":42}},"15":{"start":{"line":44,"column":6},"end":{"line":44,"column":12}},"16":{"start":{"line":48,"column":0},"end":{"line":48,"column":30}}},"fnMap":{"0":{"name":"(anonymous_0)","decl":{"start":{"line":3,"column":21},"end":{"line":3,"column":22}},"loc":{"start":{"line":3,"column":46},"end":{"line":46,"column":1}},"line":3}},"branchMap":{"0":{"loc":{"start":{"line":4,"column":21},"end":{"line":4,"column":58}},"type":"cond-expr","locations":[{"start":{"line":4,"column":38},"end":{"line":4,"column":52}},{"start":{"line":4,"column":55},"end":{"line":4,"column":58}}],"line":4},"1":{"loc":{"start":{"line":6,"column":2},"end":{"line":45,"column":3}},"type":"switch","locations":[{"start":{"line":7,"column":4},"end":{"line":13,"column":12}},{"start":{"line":14,"column":4},"end":{"line":20,"column":12}},{"start":{"line":21,"column":4},"end":{"line":27,"column":12}},{"start":{"line":28,"column":4},"end":{"line":34,"column":12}},{"start":{"line":35,"column":4},"end":{"line":41,"column":12}},{"start":{"line":42,"column":4},"end":{"line":44,"column":12}}],"line":6}},"s":{"0":5,"1":5,"2":3,"3":3,"4":3,"5":3,"6":0,"7":0,"8":0,"9":0,"10":0,"11":0,"12":0,"13":0,"14":0,"15":0,"16":5},"f":{"0":3},"b":{"0":[3,0],"1":[3,0,0,0,0,0]},"_coverageSchema":"1a1c01bbd47fc00a2c39e90264f33305004495a9","hash":"96abdb8826073b0d1ca330bb8dbb2093ebcd07ea"}
,"B:\\Stagi_application\\backend_app_Stagi\\Middleware\\multer.js": {"path":"B:\\Stagi_application\\backend_app_Stagi\\Middleware\\multer.js","statementMap":{"0":{"start":{"line":1,"column":15},"end":{"line":1,"column":32}},"1":{"start":{"line":2,"column":11},"end":{"line":2,"column":24}},"2":{"start":{"line":3,"column":13},"end":{"line":3,"column":28}},"3":{"start":{"line":5,"column":24},"end":{"line":5,"column":71}},"4":{"start":{"line":7,"column":0},"end":{"line":9,"column":1}},"5":{"start":{"line":8,"column":2},"end":{"line":8,"column":53}},"6":{"start":{"line":11,"column":16},"end":{"line":20,"column":2}},"7":{"start":{"line":13,"column":4},"end":{"line":13,"column":30}},"8":{"start":{"line":17,"column":25},"end":{"line":17,"column":62}},"9":{"start":{"line":18,"column":4},"end":{"line":18,"column":27}},"10":{"start":{"line":22,"column":19},"end":{"line":29,"column":1}},"11":{"start":{"line":23,"column":23},"end":{"line":23,"column":69}},"12":{"start":{"line":24,"column":2},"end":{"line":28,"column":3}},"13":{"start":{"line":25,"column":4},"end":{"line":25,"column":86}},"14":{"start":{"line":27,"column":4},"end":{"line":27,"column":19}},"15":{"start":{"line":31,"column":15},"end":{"line":35,"column":2}},"16":{"start":{"line":37,"column":0},"end":{"line":37,"column":24}}},"fnMap":{"0":{"name":"(anonymous_0)","decl":{"start":{"line":12,"column":15},"end":{"line":12,"column":16}},"loc":{"start":{"line":12,"column":34},"end":{"line":14,"column":3}},"line":12},"1":{"name":"(anonymous_1)","decl":{"start":{"line":15,"column":12},"end":{"line":15,"column":13}},"loc":{"start":{"line":15,"column":31},"end":{"line":19,"column":3}},"line":15},"2":{"name":"(anonymous_2)","decl":{"start":{"line":22,"column":19},"end":{"line":22,"column":20}},"loc":{"start":{"line":22,"column":38},"end":{"line":29,"column":1}},"line":22}},"branchMap":{"0":{"loc":{"start":{"line":7,"column":0},"end":{"line":9,"column":1}},"type":"if","locations":[{"start":{"line":7,"column":0},"end":{"line":9,"column":1}},{"start":{},"end":{}}],"line":7},"1":{"loc":{"start":{"line":24,"column":2},"end":{"line":28,"column":3}},"type":"if","locations":[{"start":{"line":24,"column":2},"end":{"line":28,"column":3}},{"start":{"line":26,"column":9},"end":{"line":28,"column":3}}],"line":24}},"s":{"0":5,"1":5,"2":5,"3":5,"4":5,"5":0,"6":5,"7":0,"8":0,"9":0,"10":5,"11":0,"12":0,"13":0,"14":0,"15":5,"16":5},"f":{"0":0,"1":0,"2":0},"b":{"0":[0,5],"1":[0,0]},"_coverageSchema":"1a1c01bbd47fc00a2c39e90264f33305004495a9","hash":"58f82dcd8d43c7925f6c6c8d2541b53d2420d1a0"}
,"B:\\Stagi_application\\backend_app_Stagi\\Middleware\\validateTokenHandler.js": {"path":"B:\\Stagi_application\\backend_app_Stagi\\Middleware\\validateTokenHandler.js","statementMap":{"0":{"start":{"line":1,"column":12},"end":{"line":1,"column":35}},"1":{"start":{"line":3,"column":22},"end":{"line":20,"column":1}},"2":{"start":{"line":4,"column":21},"end":{"line":4,"column":75}},"3":{"start":{"line":6,"column":2},"end":{"line":8,"column":3}},"4":{"start":{"line":7,"column":4},"end":{"line":7,"column":76}},"5":{"start":{"line":10,"column":16},"end":{"line":10,"column":40}},"6":{"start":{"line":12,"column":2},"end":{"line":19,"column":3}},"7":{"start":{"line":13,"column":20},"end":{"line":13,"column":70}},"8":{"start":{"line":14,"column":4},"end":{"line":14,"column":28}},"9":{"start":{"line":15,"column":4},"end":{"line":15,"column":11}},"10":{"start":{"line":17,"column":4},"end":{"line":17,"column":50}},"11":{"start":{"line":18,"column":4},"end":{"line":18,"column":73}},"12":{"start":{"line":22,"column":0},"end":{"line":22,"column":31}}},"fnMap":{"0":{"name":"(anonymous_0)","decl":{"start":{"line":3,"column":22},"end":{"line":3,"column":23}},"loc":{"start":{"line":3,"column":42},"end":{"line":20,"column":1}},"line":3}},"branchMap":{"0":{"loc":{"start":{"line":4,"column":21},"end":{"line":4,"column":75}},"type":"binary-expr","locations":[{"start":{"line":4,"column":21},"end":{"line":4,"column":46}},{"start":{"line":4,"column":50},"end":{"line":4,"column":75}}],"line":4},"1":{"loc":{"start":{"line":6,"column":2},"end":{"line":8,"column":3}},"type":"if","locations":[{"start":{"line":6,"column":2},"end":{"line":8,"column":3}},{"start":{},"end":{}}],"line":6}},"s":{"0":5,"1":5,"2":3,"3":3,"4":0,"5":3,"6":3,"7":3,"8":0,"9":0,"10":3,"11":3,"12":5},"f":{"0":3},"b":{"0":[3,0],"1":[0,3]},"_coverageSchema":"1a1c01bbd47fc00a2c39e90264f33305004495a9","hash":"29b2393b626feb9ac66cfe32e0971afee5822272"}
,"B:\\Stagi_application\\backend_app_Stagi\\Models\\Attachment.js": {"path":"B:\\Stagi_application\\backend_app_Stagi\\Models\\Attachment.js","statementMap":{"0":{"start":{"line":1,"column":17},"end":{"line":1,"column":36}},"1":{"start":{"line":3,"column":25},"end":{"line":25,"column":2}},"2":{"start":{"line":27,"column":0},"end":{"line":27,"column":64}}},"fnMap":{},"branchMap":{},"s":{"0":5,"1":5,"2":5},"f":{},"b":{},"_coverageSchema":"1a1c01bbd47fc00a2c39e90264f33305004495a9","hash":"4482f95d8d8776fbcb66c3004b355d2aa6709870"}
,"B:\\Stagi_application\\backend_app_Stagi\\Models\\Company.js": {"path":"B:\\Stagi_application\\backend_app_Stagi\\Models\\Company.js","statementMap":{"0":{"start":{"line":1,"column":17},"end":{"line":1,"column":36}},"1":{"start":{"line":3,"column":22},"end":{"line":60,"column":1}},"2":{"start":{"line":62,"column":0},"end":{"line":62,"column":58}}},"fnMap":{},"branchMap":{},"s":{"0":5,"1":5,"2":5},"f":{},"b":{},"_coverageSchema":"1a1c01bbd47fc00a2c39e90264f33305004495a9","hash":"acf804743105ef76e57476a882734724b3b9bd9e"}
,"B:\\Stagi_application\\backend_app_Stagi\\Models\\Institution.js": {"path":"B:\\Stagi_application\\backend_app_Stagi\\Models\\Institution.js","statementMap":{"0":{"start":{"line":1,"column":17},"end":{"line":1,"column":36}},"1":{"start":{"line":3,"column":26},"end":{"line":13,"column":1}},"2":{"start":{"line":15,"column":20},"end":{"line":15,"column":68}},"3":{"start":{"line":17,"column":0},"end":{"line":17,"column":29}}},"fnMap":{},"branchMap":{},"s":{"0":5,"1":5,"2":5,"3":5},"f":{},"b":{},"_coverageSchema":"1a1c01bbd47fc00a2c39e90264f33305004495a9","hash":"5f74b826fe717de23988be11aa65ca6c11079ad0"}
,"B:\\Stagi_application\\backend_app_Stagi\\Models\\InternshipApplication.js": {"path":"B:\\Stagi_application\\backend_app_Stagi\\Models\\InternshipApplication.js","statementMap":{"0":{"start":{"line":1,"column":17},"end":{"line":1,"column":36}},"1":{"start":{"line":3,"column":36},"end":{"line":43,"column":1}},"2":{"start":{"line":45,"column":0},"end":{"line":45,"column":86}}},"fnMap":{},"branchMap":{},"s":{"0":5,"1":5,"2":5},"f":{},"b":{},"_coverageSchema":"1a1c01bbd47fc00a2c39e90264f33305004495a9","hash":"0a3daf3639b58c490d5429def762d912d1d9bfff"}
,"B:\\Stagi_application\\backend_app_Stagi\\Models\\Publication.js": {"path":"B:\\Stagi_application\\backend_app_Stagi\\Models\\Publication.js","statementMap":{"0":{"start":{"line":1,"column":17},"end":{"line":1,"column":36}},"1":{"start":{"line":3,"column":26},"end":{"line":18,"column":2}},"2":{"start":{"line":20,"column":0},"end":{"line":20,"column":66}}},"fnMap":{},"branchMap":{},"s":{"0":5,"1":5,"2":5},"f":{},"b":{},"_coverageSchema":"1a1c01bbd47fc00a2c39e90264f33305004495a9","hash":"576ea38f6039145c2f437c0958c046d0c670e517"}
,"B:\\Stagi_application\\backend_app_Stagi\\Models\\Student.js": {"path":"B:\\Stagi_application\\backend_app_Stagi\\Models\\Student.js","statementMap":{"0":{"start":{"line":1,"column":17},"end":{"line":1,"column":36}},"1":{"start":{"line":3,"column":22},"end":{"line":112,"column":1}},"2":{"start":{"line":114,"column":0},"end":{"line":114,"column":58}}},"fnMap":{},"branchMap":{},"s":{"0":5,"1":5,"2":5},"f":{},"b":{},"_coverageSchema":"1a1c01bbd47fc00a2c39e90264f33305004495a9","hash":"47404ce87d7e8cde1a15a4fc71089a08dc1e6b42"}
,"B:\\Stagi_application\\backend_app_Stagi\\Models\\User.js": {"path":"B:\\Stagi_application\\backend_app_Stagi\\Models\\User.js","statementMap":{"0":{"start":{"line":1,"column":17},"end":{"line":1,"column":36}},"1":{"start":{"line":3,"column":19},"end":{"line":27,"column":1}},"2":{"start":{"line":29,"column":0},"end":{"line":29,"column":52}}},"fnMap":{},"branchMap":{},"s":{"0":6,"1":6,"2":6},"f":{},"b":{},"_coverageSchema":"1a1c01bbd47fc00a2c39e90264f33305004495a9","hash":"7183c205bafadb27f544254fa0847eaaf420a9a3"}
,"B:\\Stagi_application\\backend_app_Stagi\\Routers\\CompanyRouters.js": {"path":"B:\\Stagi_application\\backend_app_Stagi\\Routers\\CompanyRouters.js","statementMap":{"0":{"start":{"line":1,"column":16},"end":{"line":1,"column":34}},"1":{"start":{"line":8,"column":4},"end":{"line":8,"column":48}},"2":{"start":{"line":10,"column":15},"end":{"line":10,"column":31}},"3":{"start":{"line":13,"column":0},"end":{"line":13,"column":52}},"4":{"start":{"line":14,"column":0},"end":{"line":14,"column":52}},"5":{"start":{"line":15,"column":0},"end":{"line":15,"column":48}},"6":{"start":{"line":16,"column":0},"end":{"line":16,"column":42}},"7":{"start":{"line":19,"column":0},"end":{"line":19,"column":24}}},"fnMap":{},"branchMap":{},"s":{"0":5,"1":5,"2":5,"3":5,"4":5,"5":5,"6":5,"7":5},"f":{},"b":{},"_coverageSchema":"1a1c01bbd47fc00a2c39e90264f33305004495a9","hash":"890ba35e8be681d91b0ab6659b98fb5573b71129"}
,"B:\\Stagi_application\\backend_app_Stagi\\Routers\\InstitutionRouters.js": {"path":"B:\\Stagi_application\\backend_app_Stagi\\Routers\\InstitutionRouters.js","statementMap":{"0":{"start":{"line":1,"column":16},"end":{"line":1,"column":34}},"1":{"start":{"line":2,"column":53},"end":{"line":2,"column":101}},"2":{"start":{"line":4,"column":15},"end":{"line":4,"column":31}},"3":{"start":{"line":7,"column":0},"end":{"line":7,"column":56}},"4":{"start":{"line":8,"column":0},"end":{"line":8,"column":36}},"5":{"start":{"line":10,"column":0},"end":{"line":10,"column":24}}},"fnMap":{},"branchMap":{},"s":{"0":5,"1":5,"2":5,"3":5,"4":5,"5":5},"f":{},"b":{},"_coverageSchema":"1a1c01bbd47fc00a2c39e90264f33305004495a9","hash":"7718440814a432aa1527deba0bec977987182bcb"}
,"B:\\Stagi_application\\backend_app_Stagi\\Routers\\InternshipApplyRouters.js": {"path":"B:\\Stagi_application\\backend_app_Stagi\\Routers\\InternshipApplyRouters.js","statementMap":{"0":{"start":{"line":1,"column":16},"end":{"line":1,"column":34}},"1":{"start":{"line":8,"column":4},"end":{"line":8,"column":56}},"2":{"start":{"line":10,"column":15},"end":{"line":10,"column":31}},"3":{"start":{"line":12,"column":0},"end":{"line":12,"column":42}},"4":{"start":{"line":13,"column":0},"end":{"line":13,"column":58}},"5":{"start":{"line":14,"column":0},"end":{"line":14,"column":55}},"6":{"start":{"line":15,"column":0},"end":{"line":15,"column":57}},"7":{"start":{"line":17,"column":0},"end":{"line":17,"column":24}}},"fnMap":{},"branchMap":{},"s":{"0":5,"1":5,"2":5,"3":5,"4":5,"5":5,"6":5,"7":5},"f":{},"b":{},"_coverageSchema":"1a1c01bbd47fc00a2c39e90264f33305004495a9","hash":"3d8bd9e53614f869f6dcf74ab4cd03b4ac26255c"}
,"B:\\Stagi_application\\backend_app_Stagi\\Routers\\StudentRouters.js": {"path":"B:\\Stagi_application\\backend_app_Stagi\\Routers\\StudentRouters.js","statementMap":{"0":{"start":{"line":1,"column":16},"end":{"line":1,"column":34}},"1":{"start":{"line":7,"column":4},"end":{"line":7,"column":48}},"2":{"start":{"line":10,"column":15},"end":{"line":10,"column":31}},"3":{"start":{"line":13,"column":0},"end":{"line":13,"column":52}},"4":{"start":{"line":14,"column":0},"end":{"line":14,"column":61}},"5":{"start":{"line":15,"column":0},"end":{"line":15,"column":53}},"6":{"start":{"line":18,"column":0},"end":{"line":18,"column":24}}},"fnMap":{},"branchMap":{},"s":{"0":5,"1":5,"2":5,"3":5,"4":5,"5":5,"6":5},"f":{},"b":{},"_coverageSchema":"1a1c01bbd47fc00a2c39e90264f33305004495a9","hash":"8cb1adcd5258384a3f5e540a868c3f35f941a3f9"}
,"B:\\Stagi_application\\backend_app_Stagi\\Routers\\UserRouters.js": {"path":"B:\\Stagi_application\\backend_app_Stagi\\Routers\\UserRouters.js","statementMap":{"0":{"start":{"line":1,"column":16},"end":{"line":1,"column":34}},"1":{"start":{"line":6,"column":4},"end":{"line":6,"column":45}},"2":{"start":{"line":7,"column":22},"end":{"line":7,"column":67}},"3":{"start":{"line":9,"column":15},"end":{"line":9,"column":31}},"4":{"start":{"line":12,"column":0},"end":{"line":12,"column":39}},"5":{"start":{"line":14,"column":0},"end":{"line":14,"column":33}},"6":{"start":{"line":17,"column":0},"end":{"line":17,"column":51}},"7":{"start":{"line":19,"column":0},"end":{"line":19,"column":24}}},"fnMap":{},"branchMap":{},"s":{"0":5,"1":5,"2":5,"3":5,"4":5,"5":5,"6":5,"7":5},"f":{},"b":{},"_coverageSchema":"1a1c01bbd47fc00a2c39e90264f33305004495a9","hash":"8784eb764fe9921b35e921d88643c574e9fe4d4d"}
,"B:\\Stagi_application\\backend_app_Stagi\\Routers\\attachmentRoutes.js": {"path":"B:\\Stagi_application\\backend_app_Stagi\\Routers\\attachmentRoutes.js","statementMap":{"0":{"start":{"line":1,"column":16},"end":{"line":1,"column":34}},"1":{"start":{"line":2,"column":15},"end":{"line":2,"column":31}},"2":{"start":{"line":3,"column":15},"end":{"line":3,"column":46}},"3":{"start":{"line":4,"column":55},"end":{"line":4,"column":101}},"4":{"start":{"line":6,"column":0},"end":{"line":6,"column":58}},"5":{"start":{"line":7,"column":0},"end":{"line":7,"column":42}},"6":{"start":{"line":8,"column":0},"end":{"line":8,"column":46}},"7":{"start":{"line":10,"column":0},"end":{"line":10,"column":24}}},"fnMap":{},"branchMap":{},"s":{"0":5,"1":5,"2":5,"3":5,"4":5,"5":5,"6":5,"7":5},"f":{},"b":{},"_coverageSchema":"1a1c01bbd47fc00a2c39e90264f33305004495a9","hash":"c82133d6c8ce1666c4c975d34420a8e0f07c0bda"}
,"B:\\Stagi_application\\backend_app_Stagi\\Routers\\publicationRouter.js": {"path":"B:\\Stagi_application\\backend_app_Stagi\\Routers\\publicationRouter.js","statementMap":{"0":{"start":{"line":1,"column":16},"end":{"line":1,"column":34}},"1":{"start":{"line":12,"column":4},"end":{"line":12,"column":51}},"2":{"start":{"line":13,"column":22},"end":{"line":13,"column":67}},"3":{"start":{"line":15,"column":15},"end":{"line":15,"column":31}},"4":{"start":{"line":18,"column":0},"end":{"line":26,"column":2}},"5":{"start":{"line":27,"column":0},"end":{"line":27,"column":33}},"6":{"start":{"line":28,"column":0},"end":{"line":28,"column":54}},"7":{"start":{"line":29,"column":0},"end":{"line":29,"column":58}},"8":{"start":{"line":30,"column":0},"end":{"line":30,"column":62}},"9":{"start":{"line":31,"column":0},"end":{"line":31,"column":55}},"10":{"start":{"line":32,"column":0},"end":{"line":32,"column":58}},"11":{"start":{"line":33,"column":0},"end":{"line":33,"column":60}},"12":{"start":{"line":35,"column":0},"end":{"line":35,"column":24}}},"fnMap":{},"branchMap":{},"s":{"0":5,"1":5,"2":5,"3":5,"4":5,"5":5,"6":5,"7":5,"8":5,"9":5,"10":5,"11":5,"12":5},"f":{},"b":{},"_coverageSchema":"1a1c01bbd47fc00a2c39e90264f33305004495a9","hash":"8ad8aea5bd416ea615844ab9fa4ac99db7b9196b"}
,"B:\\Stagi_application\\backend_app_Stagi\\TestUnitaire\\testDb.js": {"path":"B:\\Stagi_application\\backend_app_Stagi\\TestUnitaire\\testDb.js","statementMap":{"0":{"start":{"line":1,"column":17},"end":{"line":1,"column":36}},"1":{"start":{"line":2,"column":30},"end":{"line":2,"column":62}},"2":{"start":{"line":6,"column":22},"end":{"line":15,"column":1}},"3":{"start":{"line":7,"column":2},"end":{"line":9,"column":3}},"4":{"start":{"line":8,"column":4},"end":{"line":8,"column":51}},"5":{"start":{"line":11,"column":2},"end":{"line":14,"column":3}},"6":{"start":{"line":12,"column":16},"end":{"line":12,"column":36}},"7":{"start":{"line":13,"column":4},"end":{"line":13,"column":85}},"8":{"start":{"line":17,"column":20},"end":{"line":24,"column":1}},"9":{"start":{"line":18,"column":2},"end":{"line":20,"column":3}},"10":{"start":{"line":19,"column":4},"end":{"line":19,"column":38}},"11":{"start":{"line":21,"column":2},"end":{"line":23,"column":3}},"12":{"start":{"line":22,"column":4},"end":{"line":22,"column":29}},"13":{"start":{"line":26,"column":20},"end":{"line":31,"column":1}},"14":{"start":{"line":27,"column":22},"end":{"line":27,"column":53}},"15":{"start":{"line":28,"column":2},"end":{"line":30,"column":3}},"16":{"start":{"line":29,"column":4},"end":{"line":29,"column":42}},"17":{"start":{"line":33,"column":0},"end":{"line":37,"column":2}}},"fnMap":{"0":{"name":"(anonymous_0)","decl":{"start":{"line":6,"column":22},"end":{"line":6,"column":23}},"loc":{"start":{"line":6,"column":34},"end":{"line":15,"column":1}},"line":6},"1":{"name":"(anonymous_1)","decl":{"start":{"line":17,"column":20},"end":{"line":17,"column":21}},"loc":{"start":{"line":17,"column":32},"end":{"line":24,"column":1}},"line":17},"2":{"name":"(anonymous_2)","decl":{"start":{"line":26,"column":20},"end":{"line":26,"column":21}},"loc":{"start":{"line":26,"column":32},"end":{"line":31,"column":1}},"line":26}},"branchMap":{"0":{"loc":{"start":{"line":7,"column":2},"end":{"line":9,"column":3}},"type":"if","locations":[{"start":{"line":7,"column":2},"end":{"line":9,"column":3}},{"start":{},"end":{}}],"line":7},"1":{"loc":{"start":{"line":11,"column":2},"end":{"line":14,"column":3}},"type":"if","locations":[{"start":{"line":11,"column":2},"end":{"line":14,"column":3}},{"start":{},"end":{}}],"line":11},"2":{"loc":{"start":{"line":18,"column":2},"end":{"line":20,"column":3}},"type":"if","locations":[{"start":{"line":18,"column":2},"end":{"line":20,"column":3}},{"start":{},"end":{}}],"line":18},"3":{"loc":{"start":{"line":21,"column":2},"end":{"line":23,"column":3}},"type":"if","locations":[{"start":{"line":21,"column":2},"end":{"line":23,"column":3}},{"start":{},"end":{}}],"line":21}},"s":{"0":4,"1":4,"2":4,"3":4,"4":4,"5":4,"6":0,"7":0,"8":4,"9":4,"10":4,"11":4,"12":4,"13":4,"14":20,"15":20,"16":140,"17":4},"f":{"0":4,"1":4,"2":20},"b":{"0":[4,0],"1":[0,4],"2":[4,0],"3":[4,0]},"_coverageSchema":"1a1c01bbd47fc00a2c39e90264f33305004495a9","hash":"b070ff4ef11c4a04b05407bcb982a86857d44695"}
}
