TN:
SF:Controllers\userControllers.js
FN:7,(anonymous_0)
FN:51,(anonymous_1)
FN:90,(anonymous_2)
FNF:3
FNH:1
FNDA:0,(anonymous_0)
FNDA:2,(anonymous_1)
FNDA:0,(anonymous_2)
DA:1,1
DA:2,1
DA:3,1
DA:4,1
DA:7,1
DA:9,0
DA:11,0
DA:12,0
DA:13,0
DA:17,0
DA:18,0
DA:19,0
DA:20,0
DA:24,0
DA:25,0
DA:26,0
DA:27,0
DA:31,0
DA:32,0
DA:35,0
DA:42,0
DA:43,0
DA:44,0
DA:46,0
DA:47,0
DA:51,1
DA:52,2
DA:54,2
DA:55,0
DA:58,2
DA:60,2
DA:61,1
DA:74,1
DA:86,1
DA:90,1
DA:91,0
DA:94,1
LF:37
LH:15
BRDA:11,0,0,0
BRDA:11,0,1,0
BRDA:11,1,0,0
BRDA:11,1,1,0
BRDA:11,1,2,0
BRDA:11,1,3,0
BRDA:18,2,0,0
BRDA:18,2,1,0
BRDA:25,3,0,0
BRDA:25,3,1,0
BRDA:43,4,0,0
BRDA:43,4,1,0
BRDA:54,5,0,0
BRDA:54,5,1,2
BRDA:54,6,0,2
BRDA:54,6,1,2
BRDA:60,7,0,1
BRDA:60,7,1,1
BRDA:60,8,0,2
BRDA:60,8,1,2
BRF:20
BRH:7
end_of_record
TN:
SF:Models\User.js
FNF:0
FNH:0
DA:1,1
DA:3,1
DA:29,1
LF:3
LH:3
BRF:0
BRH:0
end_of_record
